<?xml version="1.0" encoding="UTF-8" ?>
<testsuites name="vitest tests" tests="16" failures="16" errors="0" time="0">
    <testsuite name="src/__tests__/api/auth.test.ts" timestamp="2025-11-14T00:01:04.407Z" hostname="DESKTOP-SMIUJ0M" tests="1" failures="1" errors="0" skipped="0" time="0">
        <testcase classname="src/__tests__/api/auth.test.ts" name="src/__tests__/api/auth.test.ts" time="0">
            <failure message="No test suite found in file c:/Users/isaha/Kafkasder-panel/src/__tests__/api/auth.test.ts" type="Error">
Error: No test suite found in file c:/Users/isaha/Kafkasder-panel/src/__tests__/api/auth.test.ts
            </failure>
        </testcase>
    </testsuite>
    <testsuite name="src/stores/__tests__/authStore.test.ts" timestamp="2025-11-14T00:01:04.408Z" hostname="DESKTOP-SMIUJ0M" tests="1" failures="1" errors="0" skipped="0" time="0">
        <testcase classname="src/stores/__tests__/authStore.test.ts" name="src/stores/__tests__/authStore.test.ts" time="0">
            <failure message="No test suite found in file c:/Users/isaha/Kafkasder-panel/src/stores/__tests__/authStore.test.ts" type="Error">
Error: No test suite found in file c:/Users/isaha/Kafkasder-panel/src/stores/__tests__/authStore.test.ts
            </failure>
        </testcase>
    </testsuite>
    <testsuite name="src/__tests__/hooks/useInfiniteScroll.test.ts" timestamp="2025-11-14T00:01:04.409Z" hostname="DESKTOP-SMIUJ0M" tests="1" failures="1" errors="0" skipped="0" time="0">
        <testcase classname="src/__tests__/hooks/useInfiniteScroll.test.ts" name="src/__tests__/hooks/useInfiniteScroll.test.ts" time="0">
            <failure message="No test suite found in file c:/Users/isaha/Kafkasder-panel/src/__tests__/hooks/useInfiniteScroll.test.ts" type="Error">
Error: No test suite found in file c:/Users/isaha/Kafkasder-panel/src/__tests__/hooks/useInfiniteScroll.test.ts
            </failure>
        </testcase>
    </testsuite>
    <testsuite name="src/__tests__/integration/beneficiary-sanitization.test.ts" timestamp="2025-11-14T00:01:04.409Z" hostname="DESKTOP-SMIUJ0M" tests="1" failures="1" errors="0" skipped="0" time="0">
        <testcase classname="src/__tests__/integration/beneficiary-sanitization.test.ts" name="src/__tests__/integration/beneficiary-sanitization.test.ts" time="0">
            <failure message="No test suite found in file c:/Users/isaha/Kafkasder-panel/src/__tests__/integration/beneficiary-sanitization.test.ts" type="Error">
Error: No test suite found in file c:/Users/isaha/Kafkasder-panel/src/__tests__/integration/beneficiary-sanitization.test.ts
            </failure>
        </testcase>
    </testsuite>
    <testsuite name="src/__tests__/lib/api-client.test.ts" timestamp="2025-11-14T00:01:04.410Z" hostname="DESKTOP-SMIUJ0M" tests="1" failures="1" errors="0" skipped="0" time="0">
        <testcase classname="src/__tests__/lib/api-client.test.ts" name="src/__tests__/lib/api-client.test.ts" time="0">
            <failure message="No test suite found in file c:/Users/isaha/Kafkasder-panel/src/__tests__/lib/api-client.test.ts" type="Error">
Error: No test suite found in file c:/Users/isaha/Kafkasder-panel/src/__tests__/lib/api-client.test.ts
            </failure>
        </testcase>
    </testsuite>
    <testsuite name="src/__tests__/lib/beneficiary-validation.test.ts" timestamp="2025-11-14T00:01:04.410Z" hostname="DESKTOP-SMIUJ0M" tests="1" failures="1" errors="0" skipped="0" time="0">
        <testcase classname="src/__tests__/lib/beneficiary-validation.test.ts" name="src/__tests__/lib/beneficiary-validation.test.ts" time="0">
            <failure message="No test suite found in file c:/Users/isaha/Kafkasder-panel/src/__tests__/lib/beneficiary-validation.test.ts" type="Error">
Error: No test suite found in file c:/Users/isaha/Kafkasder-panel/src/__tests__/lib/beneficiary-validation.test.ts
            </failure>
        </testcase>
    </testsuite>
    <testsuite name="src/__tests__/lib/cache-config.test.ts" timestamp="2025-11-14T00:01:04.411Z" hostname="DESKTOP-SMIUJ0M" tests="1" failures="1" errors="0" skipped="0" time="0">
        <testcase classname="src/__tests__/lib/cache-config.test.ts" name="src/__tests__/lib/cache-config.test.ts" time="0">
            <failure message="No test suite found in file c:/Users/isaha/Kafkasder-panel/src/__tests__/lib/cache-config.test.ts" type="Error">
Error: No test suite found in file c:/Users/isaha/Kafkasder-panel/src/__tests__/lib/cache-config.test.ts
            </failure>
        </testcase>
    </testsuite>
    <testsuite name="src/__tests__/lib/env-validation.test.ts" timestamp="2025-11-14T00:01:04.411Z" hostname="DESKTOP-SMIUJ0M" tests="1" failures="1" errors="0" skipped="0" time="0">
        <testcase classname="src/__tests__/lib/env-validation.test.ts" name="src/__tests__/lib/env-validation.test.ts" time="0">
            <failure message="No test suite found in file c:/Users/isaha/Kafkasder-panel/src/__tests__/lib/env-validation.test.ts" type="Error">
Error: No test suite found in file c:/Users/isaha/Kafkasder-panel/src/__tests__/lib/env-validation.test.ts
            </failure>
        </testcase>
    </testsuite>
    <testsuite name="src/__tests__/lib/error-tracker.test.ts" timestamp="2025-11-14T00:01:04.411Z" hostname="DESKTOP-SMIUJ0M" tests="1" failures="1" errors="0" skipped="0" time="0">
        <testcase classname="src/__tests__/lib/error-tracker.test.ts" name="src/__tests__/lib/error-tracker.test.ts" time="0">
            <failure message="No test suite found in file c:/Users/isaha/Kafkasder-panel/src/__tests__/lib/error-tracker.test.ts" type="Error">
Error: No test suite found in file c:/Users/isaha/Kafkasder-panel/src/__tests__/lib/error-tracker.test.ts
            </failure>
        </testcase>
    </testsuite>
    <testsuite name="src/__tests__/lib/errors.test.ts" timestamp="2025-11-14T00:01:04.412Z" hostname="DESKTOP-SMIUJ0M" tests="1" failures="1" errors="0" skipped="0" time="0">
        <testcase classname="src/__tests__/lib/errors.test.ts" name="src/__tests__/lib/errors.test.ts" time="0">
            <failure message="No test suite found in file c:/Users/isaha/Kafkasder-panel/src/__tests__/lib/errors.test.ts" type="Error">
Error: No test suite found in file c:/Users/isaha/Kafkasder-panel/src/__tests__/lib/errors.test.ts
            </failure>
        </testcase>
    </testsuite>
    <testsuite name="src/__tests__/lib/performance.test.ts" timestamp="2025-11-14T00:01:04.412Z" hostname="DESKTOP-SMIUJ0M" tests="1" failures="1" errors="0" skipped="0" time="0">
        <testcase classname="src/__tests__/lib/performance.test.ts" name="src/__tests__/lib/performance.test.ts" time="0">
            <failure message="No test suite found in file c:/Users/isaha/Kafkasder-panel/src/__tests__/lib/performance.test.ts" type="Error">
Error: No test suite found in file c:/Users/isaha/Kafkasder-panel/src/__tests__/lib/performance.test.ts
            </failure>
        </testcase>
    </testsuite>
    <testsuite name="src/__tests__/lib/persistent-cache.test.ts" timestamp="2025-11-14T00:01:04.413Z" hostname="DESKTOP-SMIUJ0M" tests="1" failures="1" errors="0" skipped="0" time="0">
        <testcase classname="src/__tests__/lib/persistent-cache.test.ts" name="src/__tests__/lib/persistent-cache.test.ts" time="0">
            <failure message="No test suite found in file c:/Users/isaha/Kafkasder-panel/src/__tests__/lib/persistent-cache.test.ts" type="Error">
Error: No test suite found in file c:/Users/isaha/Kafkasder-panel/src/__tests__/lib/persistent-cache.test.ts
            </failure>
        </testcase>
    </testsuite>
    <testsuite name="src/__tests__/lib/route-helpers.test.ts" timestamp="2025-11-14T00:01:04.413Z" hostname="DESKTOP-SMIUJ0M" tests="1" failures="1" errors="0" skipped="0" time="0">
        <testcase classname="src/__tests__/lib/route-helpers.test.ts" name="src/__tests__/lib/route-helpers.test.ts" time="0">
            <failure message="No test suite found in file c:/Users/isaha/Kafkasder-panel/src/__tests__/lib/route-helpers.test.ts" type="Error">
Error: No test suite found in file c:/Users/isaha/Kafkasder-panel/src/__tests__/lib/route-helpers.test.ts
            </failure>
        </testcase>
    </testsuite>
    <testsuite name="src/__tests__/lib/sanitization.test.ts" timestamp="2025-11-14T00:01:04.414Z" hostname="DESKTOP-SMIUJ0M" tests="1" failures="1" errors="0" skipped="0" time="0">
        <testcase classname="src/__tests__/lib/sanitization.test.ts" name="src/__tests__/lib/sanitization.test.ts" time="0">
            <failure message="No test suite found in file c:/Users/isaha/Kafkasder-panel/src/__tests__/lib/sanitization.test.ts" type="Error">
Error: No test suite found in file c:/Users/isaha/Kafkasder-panel/src/__tests__/lib/sanitization.test.ts
            </failure>
        </testcase>
    </testsuite>
    <testsuite name="src/__tests__/lib/utils.test.ts" timestamp="2025-11-14T00:01:04.414Z" hostname="DESKTOP-SMIUJ0M" tests="1" failures="1" errors="0" skipped="0" time="0">
        <testcase classname="src/__tests__/lib/utils.test.ts" name="src/__tests__/lib/utils.test.ts" time="0">
            <failure message="No test suite found in file c:/Users/isaha/Kafkasder-panel/src/__tests__/lib/utils.test.ts" type="Error">
Error: No test suite found in file c:/Users/isaha/Kafkasder-panel/src/__tests__/lib/utils.test.ts
            </failure>
        </testcase>
    </testsuite>
    <testsuite name="src/__tests__/lib/validations/beneficiary.test.ts" timestamp="2025-11-14T00:01:04.414Z" hostname="DESKTOP-SMIUJ0M" tests="1" failures="1" errors="0" skipped="0" time="0">
        <testcase classname="src/__tests__/lib/validations/beneficiary.test.ts" name="src/__tests__/lib/validations/beneficiary.test.ts" time="0">
            <failure message="No test suite found in file c:/Users/isaha/Kafkasder-panel/src/__tests__/lib/validations/beneficiary.test.ts" type="Error">
Error: No test suite found in file c:/Users/isaha/Kafkasder-panel/src/__tests__/lib/validations/beneficiary.test.ts
            </failure>
        </testcase>
    </testsuite>
</testsuites>
